Projet/platforms/android/app/build/intermediates/manifest_merge_blame_file/debug/manifest-merger-blame-debug-report.txt
1<?xml version="1.0" encoding="utf-8"?>
2<manifest xmlns:android="http://schemas.android.com/apk/res/android"
3    package="io.cordova.hellocordova"
4    android:hardwareAccelerated="true"
5    android:versionCode="10000"
6    android:versionName="1.0.0" >
7
8    <uses-sdk
9        android:minSdkVersion="19"
9-->src\main\AndroidManifest.xml
10        android:targetSdkVersion="28" />
10-->src\main\AndroidManifest.xml
11
12    <supports-screens
12-->src\main\AndroidManifest.xml:3:5-191
13        android:anyDensity="true"
13-->src\main\AndroidManifest.xml:3:23-48
14        android:largeScreens="true"
14-->src\main\AndroidManifest.xml:3:49-76
15        android:normalScreens="true"
15-->src\main\AndroidManifest.xml:3:77-105
16        android:resizeable="true"
16-->src\main\AndroidManifest.xml:3:106-131
17        android:smallScreens="true"
17-->src\main\AndroidManifest.xml:3:132-159
18        android:xlargeScreens="true" />
18-->src\main\AndroidManifest.xml:3:160-188
19
20    <uses-permission android:name="android.permission.INTERNET" />
20-->src\main\AndroidManifest.xml:4:5-67
20-->src\main\AndroidManifest.xml:4:22-64
21    <uses-permission android:name="android.permission.ACCESS_WIFI_STATE" />
21-->src\main\AndroidManifest.xml:15:5-76
21-->src\main\AndroidManifest.xml:15:22-73
22
23    <application
23-->src\main\AndroidManifest.xml:5:5-14:19
24        android:debuggable="true"
25        android:hardwareAccelerated="true"
25-->src\main\AndroidManifest.xml:5:18-52
26        android:icon="@mipmap/ic_launcher"
26-->src\main\AndroidManifest.xml:5:53-87
27        android:label="@string/app_name"
27-->src\main\AndroidManifest.xml:5:88-120
28        android:supportsRtl="true"
28-->src\main\AndroidManifest.xml:5:121-147
29        android:testOnly="true" >
30        <activity
30-->src\main\AndroidManifest.xml:6:9-11:20
31            android:name="io.cordova.hellocordova.MainActivity"
31-->src\main\AndroidManifest.xml:6:205-232
32            android:configChanges="orientation|keyboardHidden|keyboard|screenSize|locale|smallestScreenSize|screenLayout|uiMode"
32-->src\main\AndroidManifest.xml:6:19-135
33            android:label="@string/activity_name"
33-->src\main\AndroidManifest.xml:6:136-173
34            android:launchMode="singleTop"
34-->src\main\AndroidManifest.xml:6:174-204
35            android:theme="@android:style/Theme.DeviceDefault.NoActionBar"
35-->src\main\AndroidManifest.xml:6:233-295
36            android:windowSoftInputMode="adjustResize" >
36-->src\main\AndroidManifest.xml:6:296-338
37            <intent-filter android:label="@string/launcher_name" >
37-->src\main\AndroidManifest.xml:7:13-10:29
37-->src\main\AndroidManifest.xml:7:28-65
38                <action android:name="android.intent.action.MAIN" />
38-->src\main\AndroidManifest.xml:8:17-69
38-->src\main\AndroidManifest.xml:8:25-66
39
40                <category android:name="android.intent.category.LAUNCHER" />
40-->src\main\AndroidManifest.xml:9:17-77
40-->src\main\AndroidManifest.xml:9:27-74
41            </intent-filter>
42        </activity>
43        <activity
43-->src\main\AndroidManifest.xml:12:9-118
44            android:name="com.keyes.youtube.OpenYouTubePlayerActivity"
44-->src\main\AndroidManifest.xml:12:19-77
45            android:screenOrientation="landscape" />
45-->src\main\AndroidManifest.xml:12:78-115
46        <activity
46-->src\main\AndroidManifest.xml:13:9-321
47            android:name="com.bunkerpalace.cordova.YouTubeActivity"
47-->src\main\AndroidManifest.xml:13:166-221
48            android:configChanges="orientation|keyboardHidden|keyboard|screenSize|locale"
48-->src\main\AndroidManifest.xml:13:19-96
49            android:label="@string/activity_name"
49-->src\main\AndroidManifest.xml:13:97-134
50            android:launchMode="singleTop"
50-->src\main\AndroidManifest.xml:13:135-165
51            android:theme="@android:style/Theme.Black.NoTitleBar"
51-->src\main\AndroidManifest.xml:13:222-275
52            android:windowSoftInputMode="adjustResize" />
52-->src\main\AndroidManifest.xml:13:276-318
53    </application>
54
55</manifest>